====== D2L Calculation start ======
Start   : 2025-12-10 19:07:29
Inputs  : traj1.dcd
===================================
 
 =============================
  DCD trajectory file READING 
 =============================
 
           1  files are loaded
 
 num of frames:          101
 num of atoms :         4096
 Trajectory end :       100000
 
 ------------INFO-------------
 Initial time    |           0
 End time        |      100000
 Time interval   |        1000
 Number of trajs |         101
 Number of atoms |        4096
 -----------------------------
 
 
 ---------LPS System----------
  Number of Li+ |         1536
  Number of P5+ |          512
  Number of S2- |         2048
 -----------------------------
           1 th file READING..
           1 th file DONE..
 
 -----------------------------
           SUCCESS !
 -----------------------------
 
 
 -----------------------------
          D2L START !
 -----------------------------
 
          10 th traj writing
          20 th traj writing
          30 th traj writing
          40 th traj writing
          50 th traj writing
          60 th traj writing
          70 th traj writing
          80 th traj writing
          90 th traj writing
         100 th traj writing
 
 -----------------------------
           SUCCESS !
 -----------------------------
 
