====== GRT Calculation start ======
Start   : 2025-12-10 18:39:42
Inputs  : nvt.dcd
===================================
 
 =============================
  DCD trajectory file READING 
 =============================
 
           1  files are loaded
 
 num of frames:          101
 num of atoms :         4096
 Trajectory end :       100000
 
 ------------INFO-------------
 Initial time    |           0
 End time        |      100000
 Time interval   |        1000
 Number of trajs |         101
 Number of atoms |        4096
 -----------------------------
 
 
 ---------LPS System----------
  Number of Li+ |         1536
  Number of P5+ |          512
  Number of S2- |         2048
 -----------------------------
           1 th file READING..
           1 th file DONE..
 
 -----------------------------
           SUCCESS !
 -----------------------------
 
 
 -----------------------------
          GSRT START !
 -----------------------------
 
  Current size/num of bins :
                        0.050
                         1000
 
 Processing   10 th trajectory
 Processing   20 th trajectory
 Processing   30 th trajectory
 Processing   40 th trajectory
 Processing   50 th trajectory
 Processing   60 th trajectory
 Processing   70 th trajectory
 Processing   80 th trajectory
 Processing   90 th trajectory
 Processing  100 th trajectory
 
    Saved as 'GSRT.out' file   
 -----------------------------
           SUCCESS !
 -----------------------------
 
