====== RDF Calculation start ======
Start   : 2025-12-10 18:34:42
Inputs  : nvt.dcd
===================================
 
 =============================
  DCD trajectory file READING 
 =============================
 
           1  files are loaded
 
 num of frames:          101
 num of atoms :         4096
 Trajectory end :       100000
 
 ------------INFO-------------
 Initial time    |           0
 End time        |      100000
 Time interval   |        1000
 Number of trajs |         101
 Number of atoms |        4096
 -----------------------------
 
 
 ---------LPS System----------
  Number of Li+ |         1536
  Number of P5+ |          512
  Number of S2- |         2048
 -----------------------------
           1 th file READING..
           1 th file DONE..
 
 -----------------------------
           SUCCESS !
 -----------------------------
 
 
 -----------------------------
          RDF START !
 -----------------------------
 
  Current size/num of bins :
                        0.050
                         1000
  Trajectories to average  : 
                         99
 
  CAUTION : valid only w/ NVT
 
    Saved as 'RDF.out' file   
 -----------------------------
           SUCCESS !
 -----------------------------
 
